The system is: Windows - 10.0.17134 - AMD64
Compiling the C compiler identification source file "CMakeCCompilerId.c" succeeded.
Compiler: E:/vs/VC/Tools/MSVC/14.23.28105/bin/HostX64/x64/cl.exe 
Build flags: 
Id flags:  

The output was:
0
用于 x64 的 Microsoft (R) C/C++ 优化编译器 19.23.28107 版
版权所有(C) Microsoft Corporation。保留所有权利。

CMakeCCompilerId.c
Microsoft (R) Incremental Linker Version 14.23.28107.0
Copyright (C) Microsoft Corporation.  All rights reserved.

/out:CMakeCCompilerId.exe 
CMakeCCompilerId.obj 


Compilation of the C compiler identification source "CMakeCCompilerId.c" produced "CMakeCCompilerId.exe"

Compilation of the C compiler identification source "CMakeCCompilerId.c" produced "CMakeCCompilerId.obj"

The C compiler identification is MSVC, found in "F:/TinyHttp/MyTinyHttp/out/build/x64-Debug/CMakeFiles/3.15.19080502-MSVC_2/CompilerIdC/CMakeCCompilerId.exe"

Compiling the CXX compiler identification source file "CMakeCXXCompilerId.cpp" succeeded.
Compiler: E:/vs/VC/Tools/MSVC/14.23.28105/bin/HostX64/x64/cl.exe 
Build flags: 
Id flags:  

The output was:
0
用于 x64 的 Microsoft (R) C/C++ 优化编译器 19.23.28107 版
版权所有(C) Microsoft Corporation。保留所有权利。

CMakeCXXCompilerId.cpp
Microsoft (R) Incremental Linker Version 14.23.28107.0
Copyright (C) Microsoft Corporation.  All rights reserved.

/out:CMakeCXXCompilerId.exe 
CMakeCXXCompilerId.obj 


Compilation of the CXX compiler identification source "CMakeCXXCompilerId.cpp" produced "CMakeCXXCompilerId.exe"

Compilation of the CXX compiler identification source "CMakeCXXCompilerId.cpp" produced "CMakeCXXCompilerId.obj"

The CXX compiler identification is MSVC, found in "F:/TinyHttp/MyTinyHttp/out/build/x64-Debug/CMakeFiles/3.15.19080502-MSVC_2/CompilerIdCXX/CMakeCXXCompilerId.exe"

Determining if the C compiler works passed with the following output:
Change Dir: F:/TinyHttp/MyTinyHttp/out/build/x64-Debug/CMakeFiles/CMakeTmp

Run Build Command(s):E:\VS\COMMON7\IDE\COMMONEXTENSIONS\MICROSOFT\CMAKE\Ninja\ninja.exe cmTC_1c4ee && [1/2] Building C object CMakeFiles\cmTC_1c4ee.dir\testCCompiler.c.obj
[2/2] Linking C executable cmTC_1c4ee.exe



Detecting C compiler ABI info compiled with the following output:
Change Dir: F:/TinyHttp/MyTinyHttp/out/build/x64-Debug/CMakeFiles/CMakeTmp

Run Build Command(s):E:\VS\COMMON7\IDE\COMMONEXTENSIONS\MICROSOFT\CMAKE\Ninja\ninja.exe cmTC_d425f && [1/2] Building C object CMakeFiles\cmTC_d425f.dir\CMakeCCompilerABI.c.obj
[2/2] Linking C executable cmTC_d425f.exe



Determining if the CXX compiler works passed with the following output:
Change Dir: F:/TinyHttp/MyTinyHttp/out/build/x64-Debug/CMakeFiles/CMakeTmp

Run Build Command(s):E:\VS\COMMON7\IDE\COMMONEXTENSIONS\MICROSOFT\CMAKE\Ninja\ninja.exe cmTC_4432d && [1/2] Building CXX object CMakeFiles\cmTC_4432d.dir\testCXXCompiler.cxx.obj
[2/2] Linking CXX executable cmTC_4432d.exe



Detecting CXX compiler ABI info compiled with the following output:
Change Dir: F:/TinyHttp/MyTinyHttp/out/build/x64-Debug/CMakeFiles/CMakeTmp

Run Build Command(s):E:\VS\COMMON7\IDE\COMMONEXTENSIONS\MICROSOFT\CMAKE\Ninja\ninja.exe cmTC_a6f2e && [1/2] Building CXX object CMakeFiles\cmTC_a6f2e.dir\CMakeCXXCompilerABI.cpp.obj
[2/2] Linking CXX executable cmTC_a6f2e.exe



